<?xml version="1.0" encoding="UTF-8"?>
<testsuite name="com.testautomation.tests.ProductApiTest" tests="1" skipped="0" failures="0" errors="0" timestamp="2025-11-06T13:45:53.712Z" hostname="EPHUBUDW04E4" time="1.379">
  <properties/>
  <testcase name="Get product maps to Product POJO and all fields are present" classname="com.testautomation.tests.ProductApiTest" time="1.379"/>
  <system-out><![CDATA[Request method:	GET
Request URI:	http://localhost:8080/api/api/products/laptop1
Body:			<none>
]]></system-out>
  <system-err><![CDATA[]]></system-err>
</testsuite>
